#! /usr/bin/vvp
:ivl_version "10.1 (stable)";
:ivl_delay_selection "TYPICAL";
:vpi_time_precision + 0;
:vpi_module "system";
:vpi_module "vhdl_sys";
:vpi_module "v2005_math";
:vpi_module "va_math";
S_0x7fffc2f0de50 .scope module, "testbench" "testbench" 2 329;
 .timescale 0 0;
v0x7fffc2f2f660_0 .var "clk", 0 0;
v0x7fffc2f2f700_0 .net "halt", 0 0, v0x7fffc2f2e560_0;  1 drivers
v0x7fffc2f2f7a0_0 .var "reset", 0 0;
S_0x7fffc2f0dfd0 .scope module, "PE" "processor" 2 334, 2 83 0, S_0x7fffc2f0de50;
 .timescale 0 0;
    .port_info 0 /OUTPUT 1 "halt"
    .port_info 1 /INPUT 1 "reset"
    .port_info 2 /INPUT 1 "clk"
v0x7fffc2f2e110_0 .var "branch", 0 0;
v0x7fffc2f2e1f0_0 .net "clk", 0 0, v0x7fffc2f2f660_0;  1 drivers
v0x7fffc2f2e2b0 .array "datamem", 0 65535, 15 0;
v0x7fffc2f2e350_0 .var "des", 15 0;
v0x7fffc2f2e430_0 .var "des1", 15 0;
v0x7fffc2f2e560_0 .var "halt", 0 0;
v0x7fffc2f2e620 .array "instrmem", 0 65535, 15 0;
v0x7fffc2f2e6e0_0 .var "ir0", 15 0;
v0x7fffc2f2e7c0_0 .var "ir1", 15 0;
v0x7fffc2f2e8a0_0 .var "ir2", 15 0;
v0x7fffc2f2e980_0 .var "ir3", 15 0;
v0x7fffc2f2ea60_0 .var "jump", 0 0;
v0x7fffc2f2eb20_0 .var "land", 0 0;
v0x7fffc2f2ebe0_0 .var "op4", 15 10;
v0x7fffc2f2ecc0_0 .var "pc", 15 0;
v0x7fffc2f2eda0 .array "reglist", 0 15, 15 0;
v0x7fffc2f2ee60_0 .var "res", 15 0;
v0x7fffc2f2ef40_0 .net "reset", 0 0, v0x7fffc2f2f7a0_0;  1 drivers
v0x7fffc2f2f000_0 .var "src", 15 0;
v0x7fffc2f2f0e0_0 .var "src2", 15 0;
v0x7fffc2f2f1c0_0 .var "target", 15 0;
v0x7fffc2f2f2a0_0 .var "tpc", 15 0;
v0x7fffc2f2f380 .array "u", 0 15, 15 0;
v0x7fffc2f2f440_0 .var "usp", 15 0;
v0x7fffc2f2f520_0 .var "wait1", 0 0;
E_0x7fffc2eceea0 .event posedge, v0x7fffc2f2e1f0_0;
E_0x7fffc2ecdb90 .event edge, v0x7fffc2f2ef40_0;
S_0x7fffc2f0e1a0 .scope function, "setsdes" "setsdes" 2 125, 2 125 0, S_0x7fffc2f0dfd0;
 .timescale 0 0;
v0x7fffc2efd6a0_0 .var "inst", 15 0;
v0x7fffc2f000d0_0 .var "setsdes", 0 0;
TD_testbench.PE.setsdes ;
    %pushi/vec4 2, 0, 6;
    %load/vec4 v0x7fffc2efd6a0_0;
    %parti/s 6, 10, 5;
    %cmp/u;
    %flag_get/vec4 4;
    %flag_get/vec4 5;
    %or;
    %load/vec4 v0x7fffc2efd6a0_0;
    %parti/s 6, 10, 5;
    %cmpi/u 6, 0, 6;
    %flag_get/vec4 4;
    %flag_get/vec4 5;
    %or;
    %and;
    %pushi/vec4 17, 0, 6;
    %load/vec4 v0x7fffc2efd6a0_0;
    %parti/s 6, 10, 5;
    %cmp/u;
    %flag_get/vec4 4;
    %flag_get/vec4 5;
    %or;
    %load/vec4 v0x7fffc2efd6a0_0;
    %parti/s 6, 10, 5;
    %cmpi/u 20, 0, 6;
    %flag_get/vec4 4;
    %flag_get/vec4 5;
    %or;
    %and;
    %or;
    %load/vec4 v0x7fffc2efd6a0_0;
    %parti/s 6, 10, 5;
    %pushi/vec4 32, 0, 6;
    %cmp/e;
    %flag_get/vec4 4;
    %or;
    %load/vec4 v0x7fffc2efd6a0_0;
    %parti/s 6, 10, 5;
    %pushi/vec4 40, 0, 6;
    %cmp/e;
    %flag_get/vec4 4;
    %or;
    %load/vec4 v0x7fffc2efd6a0_0;
    %parti/s 6, 10, 5;
    %pushi/vec4 48, 0, 6;
    %cmp/e;
    %flag_get/vec4 4;
    %or;
    %load/vec4 v0x7fffc2efd6a0_0;
    %parti/s 6, 10, 5;
    %pushi/vec4 56, 0, 6;
    %cmp/e;
    %flag_get/vec4 4;
    %or;
    %store/vec4 v0x7fffc2f000d0_0, 0, 1;
    %end;
S_0x7fffc2f2dab0 .scope function, "usesdes" "usesdes" 2 135, 2 135 0, S_0x7fffc2f0dfd0;
 .timescale 0 0;
v0x7fffc2f00e90_0 .var "inst", 15 0;
v0x7fffc2f2dce0_0 .var "usesdes", 0 0;
TD_testbench.PE.usesdes ;
    %pushi/vec4 2, 0, 6;
    %load/vec4 v0x7fffc2f00e90_0;
    %parti/s 6, 10, 5;
    %cmp/u;
    %flag_get/vec4 4;
    %flag_get/vec4 5;
    %or;
    %load/vec4 v0x7fffc2f00e90_0;
    %parti/s 6, 10, 5;
    %cmpi/u 6, 0, 6;
    %flag_get/vec4 4;
    %flag_get/vec4 5;
    %or;
    %and;
    %pushi/vec4 17, 0, 6;
    %load/vec4 v0x7fffc2f00e90_0;
    %parti/s 6, 10, 5;
    %cmp/u;
    %flag_get/vec4 4;
    %flag_get/vec4 5;
    %or;
    %load/vec4 v0x7fffc2f00e90_0;
    %parti/s 6, 10, 5;
    %cmpi/u 20, 0, 6;
    %flag_get/vec4 4;
    %flag_get/vec4 5;
    %or;
    %and;
    %or;
    %pushi/vec4 8, 0, 6;
    %load/vec4 v0x7fffc2f00e90_0;
    %parti/s 6, 10, 5;
    %cmp/u;
    %flag_get/vec4 4;
    %flag_get/vec4 5;
    %or;
    %load/vec4 v0x7fffc2f00e90_0;
    %parti/s 6, 10, 5;
    %cmpi/u 11, 0, 6;
    %flag_get/vec4 4;
    %flag_get/vec4 5;
    %or;
    %and;
    %or;
    %load/vec4 v0x7fffc2f00e90_0;
    %parti/s 6, 10, 5;
    %pushi/vec4 32, 0, 6;
    %cmp/e;
    %flag_get/vec4 4;
    %or;
    %load/vec4 v0x7fffc2f00e90_0;
    %parti/s 6, 10, 5;
    %pushi/vec4 40, 0, 6;
    %cmp/e;
    %flag_get/vec4 4;
    %or;
    %store/vec4 v0x7fffc2f2dce0_0, 0, 1;
    %end;
S_0x7fffc2f2dda0 .scope function, "usessrc" "usessrc" 2 147, 2 147 0, S_0x7fffc2f0dfd0;
 .timescale 0 0;
v0x7fffc2f2df70_0 .var "inst", 15 0;
v0x7fffc2f2e050_0 .var "usessrc", 0 0;
TD_testbench.PE.usessrc ;
    %pushi/vec4 2, 0, 6;
    %load/vec4 v0x7fffc2f2df70_0;
    %parti/s 6, 10, 5;
    %cmp/u;
    %flag_get/vec4 4;
    %flag_get/vec4 5;
    %or;
    %load/vec4 v0x7fffc2f2df70_0;
    %parti/s 6, 10, 5;
    %cmpi/u 6, 0, 6;
    %flag_get/vec4 4;
    %flag_get/vec4 5;
    %or;
    %and;
    %pushi/vec4 17, 0, 6;
    %load/vec4 v0x7fffc2f2df70_0;
    %parti/s 6, 10, 5;
    %cmp/u;
    %flag_get/vec4 4;
    %flag_get/vec4 5;
    %or;
    %load/vec4 v0x7fffc2f2df70_0;
    %parti/s 6, 10, 5;
    %cmpi/u 20, 0, 6;
    %flag_get/vec4 4;
    %flag_get/vec4 5;
    %or;
    %and;
    %or;
    %load/vec4 v0x7fffc2f2df70_0;
    %parti/s 2, 8, 5;
    %pad/u 7;
    %pushi/vec4 73, 0, 7;
    %cmp/e;
    %flag_get/vec4 4;
    %and;
    %store/vec4 v0x7fffc2f2e050_0, 0, 1;
    %end;
    .scope S_0x7fffc2f0dfd0;
T_3 ;
    %wait E_0x7fffc2ecdb90;
    %pushi/vec4 0, 0, 1;
    %store/vec4 v0x7fffc2f2e560_0, 0, 1;
    %pushi/vec4 0, 0, 16;
    %store/vec4 v0x7fffc2f2ecc0_0, 0, 16;
    %pushi/vec4 0, 0, 16;
    %store/vec4 v0x7fffc2f2f440_0, 0, 16;
    %pushi/vec4 0, 0, 16;
    %store/vec4 v0x7fffc2f2e7c0_0, 0, 16;
    %pushi/vec4 0, 0, 16;
    %store/vec4 v0x7fffc2f2e8a0_0, 0, 16;
    %pushi/vec4 0, 0, 16;
    %store/vec4 v0x7fffc2f2e980_0, 0, 16;
    %pushi/vec4 0, 0, 6;
    %store/vec4 v0x7fffc2f2ebe0_0, 0, 6;
    %pushi/vec4 0, 0, 16;
    %store/vec4 v0x7fffc2f2e350_0, 0, 16;
    %pushi/vec4 0, 0, 16;
    %store/vec4 v0x7fffc2f2f000_0, 0, 16;
    %pushi/vec4 0, 0, 1;
    %store/vec4 v0x7fffc2f2ea60_0, 0, 1;
    %pushi/vec4 0, 0, 1;
    %store/vec4 v0x7fffc2f2e110_0, 0, 1;
    %pushi/vec4 0, 0, 1;
    %store/vec4 v0x7fffc2f2eb20_0, 0, 1;
    %pushi/vec4 0, 0, 16;
    %store/vec4 v0x7fffc2f2ee60_0, 0, 16;
    %vpi_call 2 120 "$readmemh0", v0x7fffc2f2eda0 {0 0 0};
    %vpi_call 2 121 "$readmemh1", v0x7fffc2f2e2b0 {0 0 0};
    %vpi_call 2 122 "$readmemh2", v0x7fffc2f2e620 {0 0 0};
    %jmp T_3;
    .thread T_3, $push;
    .scope S_0x7fffc2f0dfd0;
T_4 ;
    %wait E_0x7fffc2eceea0;
    %load/vec4 v0x7fffc2f2ea60_0;
    %flag_set/vec4 8;
    %jmp/0xz  T_4.0, 8;
    %load/vec4 v0x7fffc2f2f1c0_0;
    %store/vec4 v0x7fffc2f2f2a0_0, 0, 16;
    %pushi/vec4 0, 0, 1;
    %assign/vec4 v0x7fffc2f2ea60_0, 0;
    %jmp T_4.1;
T_4.0 ;
    %load/vec4 v0x7fffc2f2e110_0;
    %flag_set/vec4 8;
    %jmp/0xz  T_4.2, 8;
    %load/vec4 v0x7fffc2f2ecc0_0;
    %load/vec4 v0x7fffc2f2f000_0;
    %add;
    %subi 1, 0, 16;
    %store/vec4 v0x7fffc2f2f2a0_0, 0, 16;
    %pushi/vec4 0, 0, 1;
    %assign/vec4 v0x7fffc2f2e110_0, 0;
    %jmp T_4.3;
T_4.2 ;
    %load/vec4 v0x7fffc2f2ecc0_0;
    %store/vec4 v0x7fffc2f2f2a0_0, 0, 16;
T_4.3 ;
T_4.1 ;
    %load/vec4 v0x7fffc2f2eb20_0;
    %flag_set/vec4 8;
    %jmp/0xz  T_4.4, 8;
    %load/vec4 v0x7fffc2f2f2a0_0;
    %ix/getv 3, v0x7fffc2f2f440_0;
    %ix/load 4, 0, 0; Constant delay
    %assign/vec4/a/d v0x7fffc2f2f380, 0, 4;
    %load/vec4 v0x7fffc2f2f440_0;
    %addi 1, 0, 16;
    %assign/vec4 v0x7fffc2f2f440_0, 0;
    %pushi/vec4 0, 0, 1;
    %assign/vec4 v0x7fffc2f2eb20_0, 0;
T_4.4 ;
    %load/vec4 v0x7fffc2f2f520_0;
    %flag_set/vec4 8;
    %jmp/0xz  T_4.6, 8;
    %load/vec4 v0x7fffc2f2f2a0_0;
    %assign/vec4 v0x7fffc2f2ecc0_0, 0;
    %jmp T_4.7;
T_4.6 ;
    %load/vec4 v0x7fffc2f2f2a0_0;
    %pad/u 18;
    %ix/vec4 4;
    %load/vec4a v0x7fffc2f2e620, 4;
    %store/vec4 v0x7fffc2f2e6e0_0, 0, 16;
    %load/vec4 v0x7fffc2f2e6e0_0;
    %assign/vec4 v0x7fffc2f2e7c0_0, 0;
    %load/vec4 v0x7fffc2f2f2a0_0;
    %addi 1, 0, 16;
    %assign/vec4 v0x7fffc2f2ecc0_0, 0;
T_4.7 ;
    %jmp T_4;
    .thread T_4;
    .scope S_0x7fffc2f0dfd0;
T_5 ;
    %wait E_0x7fffc2eceea0;
    %load/vec4 v0x7fffc2f2e7c0_0;
    %pushi/vec4 0, 0, 16;
    %cmp/e;
    %flag_get/vec4 4;
    %inv;
    %load/vec4 v0x7fffc2f2e8a0_0;
    %store/vec4 v0x7fffc2efd6a0_0, 0, 16;
    %fork TD_testbench.PE.setsdes, S_0x7fffc2f0e1a0;
    %join;
    %load/vec4  v0x7fffc2f000d0_0;
    %and;
    %load/vec4 v0x7fffc2f2e7c0_0;
    %store/vec4 v0x7fffc2f00e90_0, 0, 16;
    %fork TD_testbench.PE.usesdes, S_0x7fffc2f2dab0;
    %join;
    %load/vec4  v0x7fffc2f2dce0_0;
    %load/vec4 v0x7fffc2f2e7c0_0;
    %parti/s 4, 0, 2;
    %load/vec4 v0x7fffc2f2e8a0_0;
    %parti/s 4, 0, 2;
    %cmp/e;
    %flag_get/vec4 4;
    %and;
    %load/vec4 v0x7fffc2f2e7c0_0;
    %store/vec4 v0x7fffc2f2df70_0, 0, 16;
    %fork TD_testbench.PE.usessrc, S_0x7fffc2f2dda0;
    %join;
    %load/vec4  v0x7fffc2f2e050_0;
    %load/vec4 v0x7fffc2f2e7c0_0;
    %parti/s 4, 4, 4;
    %load/vec4 v0x7fffc2f2e8a0_0;
    %parti/s 4, 0, 2;
    %cmp/e;
    %flag_get/vec4 4;
    %and;
    %or;
    %and;
    %flag_set/vec4 8;
    %jmp/0xz  T_5.0, 8;
    %pushi/vec4 1, 0, 1;
    %store/vec4 v0x7fffc2f2f520_0, 0, 1;
    %pushi/vec4 0, 0, 16;
    %assign/vec4 v0x7fffc2f2e8a0_0, 0;
    %jmp T_5.1;
T_5.0 ;
    %pushi/vec4 0, 0, 1;
    %store/vec4 v0x7fffc2f2f520_0, 0, 1;
    %load/vec4 v0x7fffc2f2e7c0_0;
    %parti/s 4, 0, 2;
    %pad/u 6;
    %ix/vec4 4;
    %load/vec4a v0x7fffc2f2eda0, 4;
    %assign/vec4 v0x7fffc2f2e430_0, 0;
    %load/vec4 v0x7fffc2f2e7c0_0;
    %parti/s 1, 15, 5;
    %cmpi/e 0, 0, 1;
    %jmp/0xz  T_5.2, 4;
    %load/vec4 v0x7fffc2f2e7c0_0;
    %parti/s 2, 8, 5;
    %dup/vec4;
    %pushi/vec4 0, 0, 2;
    %cmp/u;
    %jmp/1 T_5.4, 6;
    %dup/vec4;
    %pushi/vec4 3, 0, 2;
    %cmp/u;
    %jmp/1 T_5.5, 6;
    %dup/vec4;
    %pushi/vec4 1, 0, 2;
    %cmp/u;
    %jmp/1 T_5.6, 6;
    %jmp T_5.8;
T_5.4 ;
    %load/vec4 v0x7fffc2f2e7c0_0;
    %parti/s 4, 4, 4;
    %pad/u 6;
    %ix/vec4 4;
    %load/vec4a v0x7fffc2f2eda0, 4;
    %assign/vec4 v0x7fffc2f2f0e0_0, 0;
    %jmp T_5.8;
T_5.5 ;
    %load/vec4 v0x7fffc2f2e7c0_0;
    %parti/s 4, 4, 4;
    %pad/u 16;
    %assign/vec4 v0x7fffc2f2f0e0_0, 0;
    %jmp T_5.8;
T_5.6 ;
    %load/vec4 v0x7fffc2f2e7c0_0;
    %parti/s 4, 4, 4;
    %pad/u 16;
    %assign/vec4 v0x7fffc2f2f0e0_0, 0;
    %jmp T_5.8;
T_5.8 ;
    %pop/vec4 1;
    %jmp T_5.3;
T_5.2 ;
    %load/vec4 v0x7fffc2f2e7c0_0;
    %parti/s 8, 4, 4;
    %pad/u 16;
    %assign/vec4 v0x7fffc2f2f0e0_0, 0;
T_5.3 ;
    %load/vec4 v0x7fffc2f2e7c0_0;
    %parti/s 1, 14, 5;
    %flag_set/vec4 8;
    %jmp/0xz  T_5.9, 8;
    %load/vec4 v0x7fffc2f2e7c0_0;
    %parti/s 4, 0, 2;
    %pad/u 16;
    %ix/getv 3, v0x7fffc2f2f440_0;
    %ix/load 4, 0, 0; Constant delay
    %assign/vec4/a/d v0x7fffc2f2f380, 0, 4;
    %load/vec4 v0x7fffc2f2f440_0;
    %addi 1, 0, 16;
    %assign/vec4 v0x7fffc2f2f440_0, 0;
T_5.9 ;
    %load/vec4 v0x7fffc2f2e7c0_0;
    %assign/vec4 v0x7fffc2f2e8a0_0, 0;
T_5.1 ;
    %jmp T_5;
    .thread T_5;
    .scope S_0x7fffc2f0dfd0;
T_6 ;
    %wait E_0x7fffc2eceea0;
    %load/vec4 v0x7fffc2f2e8a0_0;
    %cmpi/e 0, 0, 16;
    %jmp/0xz  T_6.0, 4;
    %pushi/vec4 0, 0, 16;
    %assign/vec4 v0x7fffc2f2e980_0, 0;
    %jmp T_6.1;
T_6.0 ;
    %load/vec4 v0x7fffc2f2e8a0_0;
    %parti/s 4, 4, 4;
    %cmpi/e 2, 0, 4;
    %jmp/0xz  T_6.2, 4;
    %load/vec4 v0x7fffc2f2e8a0_0;
    %parti/s 4, 4, 4;
    %pad/u 18;
    %ix/vec4 4;
    %load/vec4a v0x7fffc2f2e2b0, 4;
    %assign/vec4 v0x7fffc2f2f000_0, 0;
    %jmp T_6.3;
T_6.2 ;
    %load/vec4 v0x7fffc2f2f0e0_0;
    %assign/vec4 v0x7fffc2f2f000_0, 0;
T_6.3 ;
    %load/vec4 v0x7fffc2f2e430_0;
    %assign/vec4 v0x7fffc2f2e350_0, 0;
    %load/vec4 v0x7fffc2f2e8a0_0;
    %assign/vec4 v0x7fffc2f2e980_0, 0;
T_6.1 ;
    %jmp T_6;
    .thread T_6;
    .scope S_0x7fffc2f0dfd0;
T_7 ;
    %wait E_0x7fffc2eceea0;
    %load/vec4 v0x7fffc2f2e980_0;
    %cmpi/e 0, 0, 16;
    %jmp/0xz  T_7.0, 4;
    %pushi/vec4 0, 0, 1;
    %assign/vec4 v0x7fffc2f2ea60_0, 0;
    %jmp T_7.1;
T_7.0 ;
    %load/vec4 v0x7fffc2f2e980_0;
    %parti/s 6, 10, 5;
    %store/vec4 v0x7fffc2f2ebe0_0, 0, 6;
    %load/vec4 v0x7fffc2f2ebe0_0;
    %dup/vec4;
    %pushi/vec4 40, 0, 6;
    %cmp/u;
    %jmp/1 T_7.2, 6;
    %dup/vec4;
    %pushi/vec4 32, 0, 6;
    %cmp/u;
    %jmp/1 T_7.3, 6;
    %dup/vec4;
    %pushi/vec4 56, 0, 6;
    %cmp/u;
    %jmp/1 T_7.4, 6;
    %dup/vec4;
    %pushi/vec4 48, 0, 6;
    %cmp/u;
    %jmp/1 T_7.5, 6;
    %dup/vec4;
    %pushi/vec4 19, 0, 6;
    %cmp/u;
    %jmp/1 T_7.6, 6;
    %dup/vec4;
    %pushi/vec4 18, 0, 6;
    %cmp/u;
    %jmp/1 T_7.7, 6;
    %dup/vec4;
    %pushi/vec4 4, 0, 6;
    %cmp/u;
    %jmp/1 T_7.8, 6;
    %dup/vec4;
    %pushi/vec4 2, 0, 6;
    %cmp/u;
    %jmp/1 T_7.9, 6;
    %dup/vec4;
    %pushi/vec4 3, 0, 6;
    %cmp/u;
    %jmp/1 T_7.10, 6;
    %dup/vec4;
    %pushi/vec4 6, 0, 6;
    %cmp/u;
    %jmp/1 T_7.11, 6;
    %dup/vec4;
    %pushi/vec4 17, 0, 6;
    %cmp/u;
    %jmp/1 T_7.12, 6;
    %dup/vec4;
    %pushi/vec4 8, 0, 6;
    %cmp/u;
    %jmp/1 T_7.13, 6;
    %dup/vec4;
    %pushi/vec4 9, 0, 6;
    %cmp/u;
    %jmp/1 T_7.14, 6;
    %dup/vec4;
    %pushi/vec4 10, 0, 6;
    %cmp/u;
    %jmp/1 T_7.15, 6;
    %dup/vec4;
    %pushi/vec4 11, 0, 6;
    %cmp/u;
    %jmp/1 T_7.16, 6;
    %dup/vec4;
    %pushi/vec4 60, 0, 6;
    %cmp/u;
    %jmp/1 T_7.17, 6;
    %dup/vec4;
    %pushi/vec4 20, 0, 6;
    %cmp/u;
    %jmp/1 T_7.18, 6;
    %dup/vec4;
    %pushi/vec4 5, 0, 6;
    %cmp/u;
    %jmp/1 T_7.19, 6;
    %vpi_call 2 314 "$display", "default case" {0 0 0};
    %pushi/vec4 1, 0, 1;
    %assign/vec4 v0x7fffc2f2e560_0, 0;
    %jmp T_7.21;
T_7.2 ;
    %vpi_call 2 238 "$display", "xlo des:%d src:%d", v0x7fffc2f2e350_0, v0x7fffc2f2f000_0 {0 0 0};
    %load/vec4 v0x7fffc2f2e350_0;
    %parti/s 8, 8, 5;
    %load/vec4 v0x7fffc2f2f000_0;
    %parti/s 8, 0, 2;
    %xor;
    %load/vec4 v0x7fffc2f2e350_0;
    %parti/s 8, 0, 2;
    %concat/vec4; draw_concat_vec4
    %store/vec4 v0x7fffc2f2ee60_0, 0, 16;
    %pushi/vec4 60, 0, 6;
    %assign/vec4 v0x7fffc2f2ebe0_0, 0;
    %jmp T_7.21;
T_7.3 ;
    %vpi_call 2 239 "$display", "xhi des:%d src:%d", v0x7fffc2f2e350_0, v0x7fffc2f2f000_0 {0 0 0};
    %load/vec4 v0x7fffc2f2e350_0;
    %parti/s 8, 8, 5;
    %load/vec4 v0x7fffc2f2e350_0;
    %parti/s 8, 0, 2;
    %load/vec4 v0x7fffc2f2f000_0;
    %parti/s 8, 0, 2;
    %xor;
    %concat/vec4; draw_concat_vec4
    %store/vec4 v0x7fffc2f2ee60_0, 0, 16;
    %pushi/vec4 60, 0, 6;
    %assign/vec4 v0x7fffc2f2ebe0_0, 0;
    %jmp T_7.21;
T_7.4 ;
    %vpi_call 2 240 "$display", "llo des:%d src:%d", v0x7fffc2f2e350_0, v0x7fffc2f2f000_0 {0 0 0};
    %load/vec4 v0x7fffc2f2f000_0;
    %parti/s 1, 7, 4;
    %replicate 8;
    %load/vec4 v0x7fffc2f2f000_0;
    %concat/vec4; draw_concat_vec4
    %pad/u 16;
    %store/vec4 v0x7fffc2f2ee60_0, 0, 16;
    %pushi/vec4 60, 0, 6;
    %assign/vec4 v0x7fffc2f2ebe0_0, 0;
    %jmp T_7.21;
T_7.5 ;
    %vpi_call 2 241 "$display", "lhi des:%d src:%d", v0x7fffc2f2e350_0, v0x7fffc2f2f000_0 {0 0 0};
    %load/vec4 v0x7fffc2f2f000_0;
    %concati/vec4 0, 0, 8;
    %pad/u 16;
    %store/vec4 v0x7fffc2f2ee60_0, 0, 16;
    %pushi/vec4 60, 0, 6;
    %assign/vec4 v0x7fffc2f2ebe0_0, 0;
    %jmp T_7.21;
T_7.6 ;
    %vpi_call 2 242 "$display", "and des:%d src:%d", v0x7fffc2f2e350_0, v0x7fffc2f2f000_0 {0 0 0};
    %load/vec4 v0x7fffc2f2e350_0;
    %load/vec4 v0x7fffc2f2f000_0;
    %and;
    %store/vec4 v0x7fffc2f2ee60_0, 0, 16;
    %pushi/vec4 60, 0, 6;
    %assign/vec4 v0x7fffc2f2ebe0_0, 0;
    %jmp T_7.21;
T_7.7 ;
    %vpi_call 2 243 "$display", "or des:%d src:%d", v0x7fffc2f2e350_0, v0x7fffc2f2f000_0 {0 0 0};
    %load/vec4 v0x7fffc2f2e350_0;
    %load/vec4 v0x7fffc2f2f000_0;
    %or;
    %store/vec4 v0x7fffc2f2ee60_0, 0, 16;
    %pushi/vec4 60, 0, 6;
    %assign/vec4 v0x7fffc2f2ebe0_0, 0;
    %jmp T_7.21;
T_7.8 ;
    %vpi_call 2 244 "$display", "xor des:%d src:%d", v0x7fffc2f2e350_0, v0x7fffc2f2f000_0 {0 0 0};
    %load/vec4 v0x7fffc2f2e350_0;
    %load/vec4 v0x7fffc2f2f000_0;
    %xor;
    %store/vec4 v0x7fffc2f2ee60_0, 0, 16;
    %pushi/vec4 60, 0, 6;
    %assign/vec4 v0x7fffc2f2ebe0_0, 0;
    %jmp T_7.21;
T_7.9 ;
    %vpi_call 2 245 "$display", "add des:%d src:%d rex:%d", v0x7fffc2f2e350_0, v0x7fffc2f2f000_0 {0 0 0};
    %load/vec4 v0x7fffc2f2e350_0;
    %load/vec4 v0x7fffc2f2f000_0;
    %add;
    %store/vec4 v0x7fffc2f2ee60_0, 0, 16;
    %pushi/vec4 60, 0, 6;
    %assign/vec4 v0x7fffc2f2ebe0_0, 0;
    %jmp T_7.21;
T_7.10 ;
    %vpi_call 2 246 "$display", "sub des:%d src:%d", v0x7fffc2f2e350_0, v0x7fffc2f2f000_0 {0 0 0};
    %load/vec4 v0x7fffc2f2e350_0;
    %load/vec4 v0x7fffc2f2f000_0;
    %sub;
    %store/vec4 v0x7fffc2f2ee60_0, 0, 16;
    %pushi/vec4 60, 0, 6;
    %assign/vec4 v0x7fffc2f2ebe0_0, 0;
    %jmp T_7.21;
T_7.11 ;
    %vpi_call 2 247 "$display", "rol des:%d src:%d", v0x7fffc2f2e350_0, v0x7fffc2f2f000_0 {0 0 0};
    %load/vec4 v0x7fffc2f2e350_0;
    %ix/getv 4, v0x7fffc2f2f000_0;
    %shiftl 4;
    %load/vec4 v0x7fffc2f2e350_0;
    %pushi/vec4 16, 0, 32;
    %load/vec4 v0x7fffc2f2f000_0;
    %pad/u 32;
    %sub;
    %ix/vec4 4;
    %shiftr 4;
    %or;
    %store/vec4 v0x7fffc2f2ee60_0, 0, 16;
    %pushi/vec4 60, 0, 6;
    %assign/vec4 v0x7fffc2f2ebe0_0, 0;
    %jmp T_7.21;
T_7.12 ;
    %vpi_call 2 248 "$display", "shr des:%d src:%d", v0x7fffc2f2e350_0, v0x7fffc2f2f000_0 {0 0 0};
    %load/vec4 v0x7fffc2f2e350_0;
    %ix/getv 4, v0x7fffc2f2f000_0;
    %shiftr 4;
    %store/vec4 v0x7fffc2f2ee60_0, 0, 16;
    %pushi/vec4 60, 0, 6;
    %assign/vec4 v0x7fffc2f2ebe0_0, 0;
    %jmp T_7.21;
T_7.13 ;
    %load/vec4 v0x7fffc2f2e350_0;
    %pad/u 32;
    %cmpi/e 0, 0, 32;
    %jmp/0xz  T_7.22, 4;
    %vpi_call 2 249 "$display", "bz des:%d src:%d", v0x7fffc2f2e350_0, v0x7fffc2f2f000_0 {0 0 0};
    %load/vec4 v0x7fffc2f2e980_0;
    %parti/s 2, 8, 5;
    %cmpi/e 1, 0, 2;
    %jmp/0xz  T_7.24, 4;
    %pushi/vec4 1, 0, 1;
    %assign/vec4 v0x7fffc2f2e110_0, 0;
    %jmp T_7.25;
T_7.24 ;
    %pushi/vec4 1, 0, 1;
    %assign/vec4 v0x7fffc2f2ea60_0, 0;
    %load/vec4 v0x7fffc2f2f000_0;
    %assign/vec4 v0x7fffc2f2f1c0_0, 0;
T_7.25 ;
T_7.22 ;
    %pushi/vec4 60, 0, 6;
    %assign/vec4 v0x7fffc2f2ebe0_0, 0;
    %jmp T_7.21;
T_7.14 ;
    %load/vec4 v0x7fffc2f2e350_0;
    %pad/u 32;
    %cmpi/ne 0, 0, 32;
    %jmp/0xz  T_7.26, 4;
    %vpi_call 2 262 "$display", "bnz des:%d src:%d", v0x7fffc2f2e350_0, v0x7fffc2f2f000_0 {0 0 0};
    %load/vec4 v0x7fffc2f2e980_0;
    %parti/s 2, 8, 5;
    %cmpi/e 1, 0, 2;
    %jmp/0xz  T_7.28, 4;
    %pushi/vec4 1, 0, 1;
    %assign/vec4 v0x7fffc2f2e110_0, 0;
    %jmp T_7.29;
T_7.28 ;
    %pushi/vec4 1, 0, 1;
    %assign/vec4 v0x7fffc2f2ea60_0, 0;
    %load/vec4 v0x7fffc2f2f000_0;
    %assign/vec4 v0x7fffc2f2f1c0_0, 0;
T_7.29 ;
T_7.26 ;
    %pushi/vec4 60, 0, 6;
    %assign/vec4 v0x7fffc2f2ebe0_0, 0;
    %jmp T_7.21;
T_7.15 ;
    %load/vec4 v0x7fffc2f2e350_0;
    %parti/s 1, 15, 5;
    %pad/u 32;
    %cmpi/e 1, 0, 32;
    %jmp/0xz  T_7.30, 4;
    %vpi_call 2 278 "$display", "bn des:%d src:%d", v0x7fffc2f2e350_0, v0x7fffc2f2f000_0 {0 0 0};
    %load/vec4 v0x7fffc2f2e980_0;
    %parti/s 2, 8, 5;
    %cmpi/e 1, 0, 2;
    %jmp/0xz  T_7.32, 4;
    %pushi/vec4 1, 0, 1;
    %assign/vec4 v0x7fffc2f2e110_0, 0;
    %jmp T_7.33;
T_7.32 ;
    %pushi/vec4 1, 0, 1;
    %assign/vec4 v0x7fffc2f2ea60_0, 0;
    %load/vec4 v0x7fffc2f2f000_0;
    %assign/vec4 v0x7fffc2f2f1c0_0, 0;
T_7.33 ;
T_7.30 ;
    %pushi/vec4 60, 0, 6;
    %assign/vec4 v0x7fffc2f2ebe0_0, 0;
    %jmp T_7.21;
T_7.16 ;
    %load/vec4 v0x7fffc2f2e350_0;
    %parti/s 1, 15, 5;
    %pad/u 32;
    %cmpi/e 0, 0, 32;
    %jmp/0xz  T_7.34, 4;
    %vpi_call 2 295 "$display", "bnn des:%d src:%d", v0x7fffc2f2e350_0, v0x7fffc2f2f000_0 {0 0 0};
    %load/vec4 v0x7fffc2f2e980_0;
    %parti/s 2, 8, 5;
    %cmpi/e 1, 0, 2;
    %jmp/0xz  T_7.36, 4;
    %pushi/vec4 1, 0, 1;
    %assign/vec4 v0x7fffc2f2e110_0, 0;
    %jmp T_7.37;
T_7.36 ;
    %pushi/vec4 1, 0, 1;
    %assign/vec4 v0x7fffc2f2ea60_0, 0;
    %load/vec4 v0x7fffc2f2f000_0;
    %assign/vec4 v0x7fffc2f2f1c0_0, 0;
T_7.37 ;
T_7.34 ;
    %pushi/vec4 60, 0, 6;
    %assign/vec4 v0x7fffc2f2ebe0_0, 0;
    %jmp T_7.21;
T_7.17 ;
    %pushi/vec4 60, 0, 6;
    %assign/vec4 v0x7fffc2f2ebe0_0, 0;
    %jmp T_7.21;
T_7.18 ;
    %vpi_call 2 311 "$display", "dup des:%d src:%d", v0x7fffc2f2e350_0, v0x7fffc2f2f000_0 {0 0 0};
    %load/vec4 v0x7fffc2f2f000_0;
    %store/vec4 v0x7fffc2f2ee60_0, 0, 16;
    %pushi/vec4 60, 0, 6;
    %assign/vec4 v0x7fffc2f2ebe0_0, 0;
    %jmp T_7.21;
T_7.19 ;
    %vpi_call 2 312 "$display", "ex des:%d src:%d", v0x7fffc2f2e350_0, v0x7fffc2f2f000_0 {0 0 0};
    %load/vec4 v0x7fffc2f2e350_0;
    %assign/vec4 v0x7fffc2f2f000_0, 0;
    %load/vec4 v0x7fffc2f2f000_0;
    %assign/vec4 v0x7fffc2f2ee60_0, 0;
    %pushi/vec4 60, 0, 6;
    %assign/vec4 v0x7fffc2f2ebe0_0, 0;
    %jmp T_7.21;
T_7.21 ;
    %pop/vec4 1;
    %load/vec4 v0x7fffc2f2e980_0;
    %store/vec4 v0x7fffc2efd6a0_0, 0, 16;
    %fork TD_testbench.PE.setsdes, S_0x7fffc2f0e1a0;
    %join;
    %load/vec4  v0x7fffc2f000d0_0;
    %flag_set/vec4 8;
    %jmp/0xz  T_7.38, 8;
    %load/vec4 v0x7fffc2f2ee60_0;
    %assign/vec4 v0x7fffc2f2e350_0, 0;
    %pushi/vec4 0, 0, 1;
    %assign/vec4 v0x7fffc2f2ea60_0, 0;
    %vpi_call 2 323 "$display", "res: %d", v0x7fffc2f2ee60_0 {0 0 0};
T_7.38 ;
T_7.1 ;
    %jmp T_7;
    .thread T_7;
    .scope S_0x7fffc2f0de50;
T_8 ;
    %pushi/vec4 0, 0, 1;
    %store/vec4 v0x7fffc2f2f7a0_0, 0, 1;
    %end;
    .thread T_8;
    .scope S_0x7fffc2f0de50;
T_9 ;
    %pushi/vec4 0, 0, 1;
    %store/vec4 v0x7fffc2f2f660_0, 0, 1;
    %end;
    .thread T_9;
    .scope S_0x7fffc2f0de50;
T_10 ;
    %vpi_call 2 337 "$dumpfile" {0 0 0};
    %vpi_call 2 338 "$dumpvars", 32'sb00000000000000000000000000000000, S_0x7fffc2f0dfd0 {0 0 0};
    %delay 10, 0;
    %pushi/vec4 1, 0, 1;
    %store/vec4 v0x7fffc2f2f7a0_0, 0, 1;
    %delay 10, 0;
    %pushi/vec4 0, 0, 1;
    %store/vec4 v0x7fffc2f2f7a0_0, 0, 1;
T_10.0 ;
    %load/vec4 v0x7fffc2f2f700_0;
    %nor/r;
    %flag_set/vec4 8;
    %jmp/0xz T_10.1, 8;
    %delay 10, 0;
    %pushi/vec4 1, 0, 1;
    %store/vec4 v0x7fffc2f2f660_0, 0, 1;
    %delay 10, 0;
    %pushi/vec4 0, 0, 1;
    %store/vec4 v0x7fffc2f2f660_0, 0, 1;
    %jmp T_10.0;
T_10.1 ;
    %vpi_call 2 345 "$finish" {0 0 0};
    %end;
    .thread T_10;
# The file index is used to find the file name in the following table.
:file_names 3;
    "N/A";
    "<interactive>";
    "axa.v";
